Arguments: 
  C:\Program Files\nodejs\node.exe C:\Users\54113\AppData\Roaming\npm\node_modules\yarn\bin\yarn.js add -D parcel @next

PATH: 
  C:\Users\54113\bin;C:\Program Files\Git\mingw64\bin;C:\Program Files\Git\usr\local\bin;C:\Program Files\Git\usr\bin;C:\Program Files\Git\usr\bin;C:\Program Files\Git\mingw64\bin;C:\Program Files\Git\usr\bin;C:\Users\54113\bin;C:\Python310\Scripts;C:\Python310;C:\Python39\Scripts;C:\Python39;C:\WINDOWS\system32;C:\WINDOWS;C:\WINDOWS\System32\Wbem;C:\WINDOWS\System32\WindowsPowerShell\v1.0;C:\WINDOWS\System32\OpenSSH;C:\Program Files\Git\cmd;C:\ProgramData\chocolatey\bin;C:\Program Files\nodejs;C:\Users\54113\AppData\Local\Microsoft\WindowsApps;C:\Users\54113\AppData\Local\Programs\Microsoft VS Code\bin;C:\Users\54113\AppData\Local\hyper\app-3.0.2\resources\bin;C:\Users\54113\AppData\Local\GitHubDesktop\bin;C:\Users\54113\AppData\Roaming\npm;C:\Program Files\Git\usr\bin\vendor_perl;C:\Program Files\Git\usr\bin\core_perl

Yarn version: 
  1.22.18

Node version: 
  17.8.0

Platform: 
  win32 x64

Trace: 
  Error: https://registry.yarnpkg.com/@next: Request "https://registry.yarnpkg.com/@next" returned a 405
      at Request.params.callback [as _callback] (C:\Users\54113\AppData\Roaming\npm\node_modules\yarn\lib\cli.js:66147:18)
      at Request.self.callback (C:\Users\54113\AppData\Roaming\npm\node_modules\yarn\lib\cli.js:140883:22)
      at Request.emit (node:events:527:28)
      at Request.<anonymous> (C:\Users\54113\AppData\Roaming\npm\node_modules\yarn\lib\cli.js:141855:10)
      at Request.emit (node:events:527:28)
      at IncomingMessage.<anonymous> (C:\Users\54113\AppData\Roaming\npm\node_modules\yarn\lib\cli.js:141777:12)
      at Object.onceWrapper (node:events:641:28)
      at IncomingMessage.emit (node:events:539:35)
      at endReadableNT (node:internal/streams/readable:1345:12)
      at processTicksAndRejections (node:internal/process/task_queues:83:21)

npm manifest: 
  {
  	"name": "desafio-m5",
  	"version": "1.0.0",
  	"license": "MIT"
  }

yarn manifest: 
  No manifest

Lockfile: 
  No lockfile
